<?xml version="1.0" encoding="UTF-8"?>
<!-- Generated by org.testng.reporters.JUnitXMLReporter -->
<testsuite hostname="DESKTOP-MBD2ILJ" ignored="0" name="Default test" tests="10" failures="0" timestamp="2020-04-01T06:38:20 IST" time="1.372" errors="0">
  <testcase name="canTestExcelData" time="0.011" classname="com.test.DataDrivenTest"/>
  <testcase name="canTestExcelData" time="0.002" classname="com.test.DataDrivenTest"/>
  <testcase name="canTestExcelData" time="0.001" classname="com.test.DataDrivenTest"/>
  <testcase name="canTestExcelData" time="0.001" classname="com.test.DataDrivenTest"/>
  <testcase name="canTestExcelData" time="0.007" classname="com.test.DataDrivenTest"/>
  <testcase name="canTestExcelData" time="0.001" classname="com.test.DataDrivenTest"/>
  <testcase name="canTestExcelData" time="0.001" classname="com.test.DataDrivenTest"/>
  <testcase name="canTestExcelData" time="0.001" classname="com.test.DataDrivenTest"/>
  <testcase name="canTestExcelData" time="0.011" classname="com.test.DataDrivenTest"/>
  <testcase name="canTestExcelData" time="0.002" classname="com.test.DataDrivenTest"/>
</testsuite> <!-- Default test -->
