<?xml version="1.0" encoding="UTF-8"?>
<!-- Generated by org.testng.reporters.JUnitXMLReporter -->
<testsuite hostname="DESKTOP-MBD2ILJ" ignored="0" name="Default test" tests="10" failures="0" timestamp="2020-04-03T06:20:52 IST" time="20.076" errors="0">
  <testcase name="canTestExcelData" time="0.009" classname="com.test.DataDrivenTest"/>
  <testcase name="canTestExcelData" time="14.477" classname="com.test.DataDrivenTest"/>
  <testcase name="canTestExcelData" time="0.181" classname="com.test.DataDrivenTest"/>
  <testcase name="canTestExcelData" time="0.23" classname="com.test.DataDrivenTest"/>
  <testcase name="canTestExcelData" time="1.609" classname="com.test.DataDrivenTest"/>
  <testcase name="canTestExcelData" time="0.844" classname="com.test.DataDrivenTest"/>
  <testcase name="canTestExcelData" time="0.82" classname="com.test.DataDrivenTest"/>
  <testcase name="canTestExcelData" time="0.51" classname="com.test.DataDrivenTest"/>
  <testcase name="canTestExcelData" time="0.172" classname="com.test.DataDrivenTest"/>
  <testcase name="canTestExcelData" time="0.139" classname="com.test.DataDrivenTest"/>
</testsuite> <!-- Default test -->
