<?xml version="1.0" encoding="UTF-8"?>
<!-- Generated by org.testng.reporters.JUnitXMLReporter -->
<testsuite hostname="DESKTOP-MBD2ILJ" ignored="0" name="Test" tests="17" failures="0" timestamp="2020-04-01T06:41:28 IST" time="3.603" errors="0">
  <testcase name="canOpenGoogleURL" time="0.058" classname="com.test.GoogleTest"/>
  <testcase name="canSearchSeleniumHQ" time="2.084" classname="com.test.GoogleTest"/>
  <testcase name="canTestEmailIDWhenInputIsBlank" time="0.002" classname="com.test.EmailValidatorTest"/>
  <testcase name="canTestEmailIDWhenInputIsNull" time="0.002" classname="com.test.EmailValidatorTest"/>
  <testcase name="canTestEmailIDWhenInputIsWithoutAtTheRate" time="0.002" classname="com.test.EmailValidatorTest"/>
  <testcase name="canTestEmailIDWhenInputValid" time="0.002" classname="com.test.EmailValidatorTest"/>
  <testcase name="canTestEmailIDWhenInputInvalid2" time="0.002" classname="com.test.EmailValidatorTest"/>
  <testcase name="canTestExcelData" time="0.002" classname="com.test.DataDrivenTest"/>
  <testcase name="canTestExcelData" time="0.003" classname="com.test.DataDrivenTest"/>
  <testcase name="canTestExcelData" time="0.004" classname="com.test.DataDrivenTest"/>
  <testcase name="canTestExcelData" time="0.002" classname="com.test.DataDrivenTest"/>
  <testcase name="canTestExcelData" time="0.004" classname="com.test.DataDrivenTest"/>
  <testcase name="canTestExcelData" time="0.001" classname="com.test.DataDrivenTest"/>
  <testcase name="canTestExcelData" time="0.0" classname="com.test.DataDrivenTest"/>
  <testcase name="canTestExcelData" time="0.001" classname="com.test.DataDrivenTest"/>
  <testcase name="canTestExcelData" time="0.002" classname="com.test.DataDrivenTest"/>
  <testcase name="canTestExcelData" time="0.001" classname="com.test.DataDrivenTest"/>
</testsuite> <!-- Test -->
