<?xml version="1.0" encoding="UTF-8"?>
<!-- Generated by org.testng.reporters.JUnitXMLReporter -->
<testsuite hostname="DESKTOP-MBD2ILJ" ignored="1" name="Test" tests="18" failures="0" timestamp="2020-04-07T06:51:09 IST" time="24.457" errors="0">
  <testcase name="canOpenGoogleURL" time="0.015" classname="com.test.GoogleTest"/>
  <testcase name="canSearchSeleniumHQ" time="2.018" classname="com.test.GoogleTest"/>
  <testcase name="canTestEmailIDWhenInputIsBlank" time="0.001" classname="com.test.EmailValidatorTest"/>
  <testcase name="canTestEmailIDWhenInputIsNull" time="0.003" classname="com.test.EmailValidatorTest"/>
  <testcase name="canTestEmailIDWhenInputIsWithoutAtTheRate" time="0.0" classname="com.test.EmailValidatorTest"/>
  <testcase name="canTestEmailIDWhenInputValid" time="0.0" classname="com.test.EmailValidatorTest"/>
  <testcase name="canTestExcelData" time="0.0" classname="com.test.DataDrivenTest"/>
  <testcase name="canTestExcelData" time="12.699" classname="com.test.DataDrivenTest"/>
  <testcase name="canTestExcelData" time="0.241" classname="com.test.DataDrivenTest"/>
  <testcase name="canTestExcelData" time="0.364" classname="com.test.DataDrivenTest"/>
  <testcase name="canTestExcelData" time="1.661" classname="com.test.DataDrivenTest"/>
  <testcase name="canTestExcelData" time="0.991" classname="com.test.DataDrivenTest"/>
  <testcase name="canTestExcelData" time="0.832" classname="com.test.DataDrivenTest"/>
  <testcase name="canTestExcelData" time="0.592" classname="com.test.DataDrivenTest"/>
  <testcase name="canTestExcelData" time="0.165" classname="com.test.DataDrivenTest"/>
  <testcase name="canTestExcelData" time="0.161" classname="com.test.DataDrivenTest"/>
  <testcase name="canTestExcelData" time="1.167" classname="com.test.DataDrivenTest"/>
  <testcase name="canTestExcelData" time="0.274" classname="com.test.DataDrivenTest"/>
  <testcase name="canTestEmailIDWhenInputInvalid2" time="0.0" classname="com.test.EmailValidatorTest">
    <ignored/>
  </testcase> <!-- canTestEmailIDWhenInputInvalid2 -->
</testsuite> <!-- Test -->
