<?xml version="1.0" encoding="UTF-8"?>
<!-- Generated by org.testng.reporters.JUnitXMLReporter -->
<testsuite hostname="DESKTOP-MBD2ILJ" ignored="1" name="Test" tests="18" failures="0" timestamp="2020-04-03T06:59:07 IST" time="23.953" errors="0">
  <testcase name="canOpenGoogleURL" time="0.018" classname="com.test.GoogleTest"/>
  <testcase name="canSearchSeleniumHQ" time="2.337" classname="com.test.GoogleTest"/>
  <testcase name="canTestEmailIDWhenInputIsBlank" time="0.0" classname="com.test.EmailValidatorTest"/>
  <testcase name="canTestEmailIDWhenInputIsNull" time="0.0" classname="com.test.EmailValidatorTest"/>
  <testcase name="canTestEmailIDWhenInputIsWithoutAtTheRate" time="0.0" classname="com.test.EmailValidatorTest"/>
  <testcase name="canTestEmailIDWhenInputValid" time="0.0" classname="com.test.EmailValidatorTest"/>
  <testcase name="canTestExcelData" time="0.001" classname="com.test.DataDrivenTest"/>
  <testcase name="canTestExcelData" time="13.984" classname="com.test.DataDrivenTest"/>
  <testcase name="canTestExcelData" time="0.255" classname="com.test.DataDrivenTest"/>
  <testcase name="canTestExcelData" time="0.248" classname="com.test.DataDrivenTest"/>
  <testcase name="canTestExcelData" time="1.55" classname="com.test.DataDrivenTest"/>
  <testcase name="canTestExcelData" time="0.93" classname="com.test.DataDrivenTest"/>
  <testcase name="canTestExcelData" time="0.869" classname="com.test.DataDrivenTest"/>
  <testcase name="canTestExcelData" time="0.595" classname="com.test.DataDrivenTest"/>
  <testcase name="canTestExcelData" time="0.162" classname="com.test.DataDrivenTest"/>
  <testcase name="canTestExcelData" time="0.138" classname="com.test.DataDrivenTest"/>
  <testcase name="canTestExcelData" time="1.119" classname="com.test.DataDrivenTest"/>
  <testcase name="canTestExcelData" time="0.145" classname="com.test.DataDrivenTest"/>
  <testcase name="canTestEmailIDWhenInputInvalid2" time="0.0" classname="com.test.EmailValidatorTest">
    <ignored/>
  </testcase> <!-- canTestEmailIDWhenInputInvalid2 -->
</testsuite> <!-- Test -->
