<?xml version="1.0" encoding="UTF-8"?>
<testng-results skipped="0" failed="0" ignored="1" total="19" passed="18">
  <reporter-output>
  </reporter-output>
  <suite name="Suite" duration-ms="24457" started-at="2020-04-07T06:50:45 IST" finished-at="2020-04-07T06:51:09 IST">
    <groups>
    </groups>
    <test name="Test" duration-ms="24457" started-at="2020-04-07T06:50:45 IST" finished-at="2020-04-07T06:51:09 IST">
      <class name="com.test.EmailValidatorTest">
        <test-method status="PASS" signature="setUp()[pri:0, instance:com.test.EmailValidatorTest@29215f06]" name="setUp" is-config="true" duration-ms="1" started-at="2020-04-07T06:50:48 IST" finished-at="2020-04-07T06:50:48 IST">
          <reporter-output>
          </reporter-output>
        </test-method> <!-- setUp -->
        <test-method status="PASS" signature="canTestEmailIDWhenInputIsBlank()[pri:0, instance:com.test.EmailValidatorTest@29215f06]" name="canTestEmailIDWhenInputIsBlank" duration-ms="1" started-at="2020-04-07T06:50:48 IST" finished-at="2020-04-07T06:50:48 IST">
          <reporter-output>
          </reporter-output>
        </test-method> <!-- canTestEmailIDWhenInputIsBlank -->
        <test-method status="PASS" signature="canTestEmailIDWhenInputIsNull()[pri:0, instance:com.test.EmailValidatorTest@29215f06]" name="canTestEmailIDWhenInputIsNull" duration-ms="3" started-at="2020-04-07T06:50:48 IST" depends-on-methods="com.test.EmailValidatorTest.canTestEmailIDWhenInputIsBlank" finished-at="2020-04-07T06:50:48 IST">
          <reporter-output>
          </reporter-output>
        </test-method> <!-- canTestEmailIDWhenInputIsNull -->
        <test-method status="PASS" signature="canTestEmailIDWhenInputIsWithoutAtTheRate()[pri:0, instance:com.test.EmailValidatorTest@29215f06]" name="canTestEmailIDWhenInputIsWithoutAtTheRate" duration-ms="0" started-at="2020-04-07T06:50:48 IST" depends-on-methods="com.test.EmailValidatorTest.canTestEmailIDWhenInputIsNull" finished-at="2020-04-07T06:50:48 IST">
          <reporter-output>
          </reporter-output>
        </test-method> <!-- canTestEmailIDWhenInputIsWithoutAtTheRate -->
        <test-method status="PASS" signature="canTestEmailIDWhenInputValid()[pri:0, instance:com.test.EmailValidatorTest@29215f06]" name="canTestEmailIDWhenInputValid" duration-ms="0" started-at="2020-04-07T06:50:48 IST" depends-on-methods="com.test.EmailValidatorTest.canTestEmailIDWhenInputIsWithoutAtTheRate" finished-at="2020-04-07T06:50:48 IST">
          <reporter-output>
          </reporter-output>
        </test-method> <!-- canTestEmailIDWhenInputValid -->
      </class> <!-- com.test.EmailValidatorTest -->
      <class name="com.test.GoogleTest">
        <test-method status="PASS" signature="setUp()[pri:0, instance:com.test.GoogleTest@2d710f1a]" name="setUp" is-config="true" duration-ms="6792" started-at="2020-04-07T06:50:38 IST" finished-at="2020-04-07T06:50:45 IST">
          <reporter-output>
          </reporter-output>
        </test-method> <!-- setUp -->
        <test-method status="PASS" signature="canOpenGoogleURL()[pri:0, instance:com.test.GoogleTest@2d710f1a]" name="canOpenGoogleURL" duration-ms="15" started-at="2020-04-07T06:50:45 IST" finished-at="2020-04-07T06:50:45 IST">
          <reporter-output>
          </reporter-output>
        </test-method> <!-- canOpenGoogleURL -->
        <test-method status="PASS" signature="canSearchSeleniumHQ()[pri:0, instance:com.test.GoogleTest@2d710f1a]" name="canSearchSeleniumHQ" duration-ms="2018" started-at="2020-04-07T06:50:45 IST" finished-at="2020-04-07T06:50:47 IST">
          <reporter-output>
          </reporter-output>
        </test-method> <!-- canSearchSeleniumHQ -->
        <test-method status="PASS" signature="close()[pri:0, instance:com.test.GoogleTest@2d710f1a]" name="close" is-config="true" duration-ms="1199" started-at="2020-04-07T06:50:47 IST" finished-at="2020-04-07T06:50:48 IST">
          <reporter-output>
          </reporter-output>
        </test-method> <!-- close -->
        <test-method status="PASS" signature="closeBrowser()[pri:0, instance:com.test.GoogleTest@2d710f1a]" name="closeBrowser" is-config="true" duration-ms="1" started-at="2020-04-07T06:51:09 IST" finished-at="2020-04-07T06:51:09 IST">
          <reporter-output>
          </reporter-output>
        </test-method> <!-- closeBrowser -->
      </class> <!-- com.test.GoogleTest -->
      <class name="com.test.DataDrivenTest">
        <test-method status="PASS" signature="canTestExcelData(java.lang.String, java.lang.String, java.lang.String, java.lang.String, java.lang.String, java.lang.String, java.lang.String)[pri:0, instance:com.test.DataDrivenTest@59505b48]" name="canTestExcelData" duration-ms="0" started-at="2020-04-07T06:50:49 IST" data-provider="EXCEL_DATA" finished-at="2020-04-07T06:50:49 IST">
          <params>
            <param index="0">
              <value>
                <![CDATA[TestCase_ID]]>
              </value>
            </param>
            <param index="1">
              <value>
                <![CDATA[TestStep_ID]]>
              </value>
            </param>
            <param index="2">
              <value>
                <![CDATA[Description]]>
              </value>
            </param>
            <param index="3">
              <value>
                <![CDATA[Action]]>
              </value>
            </param>
            <param index="4">
              <value>
                <![CDATA[Locators]]>
              </value>
            </param>
            <param index="5">
              <value>
                <![CDATA[Locator_Value]]>
              </value>
            </param>
            <param index="6">
              <value>
                <![CDATA[Param1]]>
              </value>
            </param>
          </params>
          <reporter-output>
          </reporter-output>
        </test-method> <!-- canTestExcelData -->
        <test-method status="PASS" signature="canTestExcelData(java.lang.String, java.lang.String, java.lang.String, java.lang.String, java.lang.String, java.lang.String, java.lang.String)[pri:0, instance:com.test.DataDrivenTest@59505b48]" name="canTestExcelData" duration-ms="12699" started-at="2020-04-07T06:50:49 IST" data-provider="EXCEL_DATA" finished-at="2020-04-07T06:51:02 IST">
          <params>
            <param index="0">
              <value>
                <![CDATA[TC001]]>
              </value>
            </param>
            <param index="1">
              <value>
                <![CDATA[TS001]]>
              </value>
            </param>
            <param index="2">
              <value>
                <![CDATA[Launch guru99 website]]>
              </value>
            </param>
            <param index="3">
              <value>
                <![CDATA[launchAppl]]>
              </value>
            </param>
            <param index="4">
              <value>
                <![CDATA[NA]]>
              </value>
            </param>
            <param index="5">
              <value>
                <![CDATA[NA]]>
              </value>
            </param>
            <param index="6">
              <value>
                <![CDATA[NA]]>
              </value>
            </param>
          </params>
          <reporter-output>
          </reporter-output>
        </test-method> <!-- canTestExcelData -->
        <test-method status="PASS" signature="canTestExcelData(java.lang.String, java.lang.String, java.lang.String, java.lang.String, java.lang.String, java.lang.String, java.lang.String)[pri:0, instance:com.test.DataDrivenTest@59505b48]" name="canTestExcelData" duration-ms="241" started-at="2020-04-07T06:51:02 IST" data-provider="EXCEL_DATA" finished-at="2020-04-07T06:51:02 IST">
          <params>
            <param index="0">
              <value>
                <![CDATA[TC002]]>
              </value>
            </param>
            <param index="1">
              <value>
                <![CDATA[TS001]]>
              </value>
            </param>
            <param index="2">
              <value>
                <![CDATA[Fill user id]]>
              </value>
            </param>
            <param index="3">
              <value>
                <![CDATA[fillText]]>
              </value>
            </param>
            <param index="4">
              <value>
                <![CDATA[xpath]]>
              </value>
            </param>
            <param index="5">
              <value>
                <![CDATA[txtUserID]]>
              </value>
            </param>
            <param index="6">
              <value>
                <![CDATA[mgr123]]>
              </value>
            </param>
          </params>
          <reporter-output>
          </reporter-output>
        </test-method> <!-- canTestExcelData -->
        <test-method status="PASS" signature="canTestExcelData(java.lang.String, java.lang.String, java.lang.String, java.lang.String, java.lang.String, java.lang.String, java.lang.String)[pri:0, instance:com.test.DataDrivenTest@59505b48]" name="canTestExcelData" duration-ms="364" started-at="2020-04-07T06:51:02 IST" data-provider="EXCEL_DATA" finished-at="2020-04-07T06:51:03 IST">
          <params>
            <param index="0">
              <value>
                <![CDATA[TC002]]>
              </value>
            </param>
            <param index="1">
              <value>
                <![CDATA[TS002]]>
              </value>
            </param>
            <param index="2">
              <value>
                <![CDATA[Fill password]]>
              </value>
            </param>
            <param index="3">
              <value>
                <![CDATA[fillText]]>
              </value>
            </param>
            <param index="4">
              <value>
                <![CDATA[xpath]]>
              </value>
            </param>
            <param index="5">
              <value>
                <![CDATA[txtPassword]]>
              </value>
            </param>
            <param index="6">
              <value>
                <![CDATA[mgr!23]]>
              </value>
            </param>
          </params>
          <reporter-output>
          </reporter-output>
        </test-method> <!-- canTestExcelData -->
        <test-method status="PASS" signature="canTestExcelData(java.lang.String, java.lang.String, java.lang.String, java.lang.String, java.lang.String, java.lang.String, java.lang.String)[pri:0, instance:com.test.DataDrivenTest@59505b48]" name="canTestExcelData" duration-ms="1661" started-at="2020-04-07T06:51:03 IST" data-provider="EXCEL_DATA" finished-at="2020-04-07T06:51:04 IST">
          <params>
            <param index="0">
              <value>
                <![CDATA[TC002]]>
              </value>
            </param>
            <param index="1">
              <value>
                <![CDATA[TS003]]>
              </value>
            </param>
            <param index="2">
              <value>
                <![CDATA[click on login button]]>
              </value>
            </param>
            <param index="3">
              <value>
                <![CDATA[click]]>
              </value>
            </param>
            <param index="4">
              <value>
                <![CDATA[xpath]]>
              </value>
            </param>
            <param index="5">
              <value>
                <![CDATA[btnLoginButton]]>
              </value>
            </param>
            <param index="6">
              <value>
                <![CDATA[NA]]>
              </value>
            </param>
          </params>
          <reporter-output>
          </reporter-output>
        </test-method> <!-- canTestExcelData -->
        <test-method status="PASS" signature="canTestExcelData(java.lang.String, java.lang.String, java.lang.String, java.lang.String, java.lang.String, java.lang.String, java.lang.String)[pri:0, instance:com.test.DataDrivenTest@59505b48]" name="canTestExcelData" duration-ms="991" started-at="2020-04-07T06:51:04 IST" data-provider="EXCEL_DATA" finished-at="2020-04-07T06:51:05 IST">
          <params>
            <param index="0">
              <value>
                <![CDATA[TC003]]>
              </value>
            </param>
            <param index="1">
              <value>
                <![CDATA[TS001]]>
              </value>
            </param>
            <param index="2">
              <value>
                <![CDATA[click on new customer link]]>
              </value>
            </param>
            <param index="3">
              <value>
                <![CDATA[click]]>
              </value>
            </param>
            <param index="4">
              <value>
                <![CDATA[linkText]]>
              </value>
            </param>
            <param index="5">
              <value>
                <![CDATA[linkNewCustomer]]>
              </value>
            </param>
            <param index="6">
              <value>
                <![CDATA[NA]]>
              </value>
            </param>
          </params>
          <reporter-output>
          </reporter-output>
        </test-method> <!-- canTestExcelData -->
        <test-method status="PASS" signature="canTestExcelData(java.lang.String, java.lang.String, java.lang.String, java.lang.String, java.lang.String, java.lang.String, java.lang.String)[pri:0, instance:com.test.DataDrivenTest@59505b48]" name="canTestExcelData" duration-ms="832" started-at="2020-04-07T06:51:05 IST" data-provider="EXCEL_DATA" finished-at="2020-04-07T06:51:06 IST">
          <params>
            <param index="0">
              <value>
                <![CDATA[TC004]]>
              </value>
            </param>
            <param index="1">
              <value>
                <![CDATA[TS001]]>
              </value>
            </param>
            <param index="2">
              <value>
                <![CDATA[click on new account link]]>
              </value>
            </param>
            <param index="3">
              <value>
                <![CDATA[click]]>
              </value>
            </param>
            <param index="4">
              <value>
                <![CDATA[xpath]]>
              </value>
            </param>
            <param index="5">
              <value>
                <![CDATA[linkNewAccount]]>
              </value>
            </param>
            <param index="6">
              <value>
                <![CDATA[NA]]>
              </value>
            </param>
          </params>
          <reporter-output>
          </reporter-output>
        </test-method> <!-- canTestExcelData -->
        <test-method status="PASS" signature="canTestExcelData(java.lang.String, java.lang.String, java.lang.String, java.lang.String, java.lang.String, java.lang.String, java.lang.String)[pri:0, instance:com.test.DataDrivenTest@59505b48]" name="canTestExcelData" duration-ms="592" started-at="2020-04-07T06:51:06 IST" data-provider="EXCEL_DATA" finished-at="2020-04-07T06:51:07 IST">
          <params>
            <param index="0">
              <value>
                <![CDATA[TC005]]>
              </value>
            </param>
            <param index="1">
              <value>
                <![CDATA[TS001]]>
              </value>
            </param>
            <param index="2">
              <value>
                <![CDATA[click on new customer link]]>
              </value>
            </param>
            <param index="3">
              <value>
                <![CDATA[click]]>
              </value>
            </param>
            <param index="4">
              <value>
                <![CDATA[linkText]]>
              </value>
            </param>
            <param index="5">
              <value>
                <![CDATA[linkNewCustomer]]>
              </value>
            </param>
            <param index="6">
              <value>
                <![CDATA[NA]]>
              </value>
            </param>
          </params>
          <reporter-output>
          </reporter-output>
        </test-method> <!-- canTestExcelData -->
        <test-method status="PASS" signature="canTestExcelData(java.lang.String, java.lang.String, java.lang.String, java.lang.String, java.lang.String, java.lang.String, java.lang.String)[pri:0, instance:com.test.DataDrivenTest@59505b48]" name="canTestExcelData" duration-ms="165" started-at="2020-04-07T06:51:07 IST" data-provider="EXCEL_DATA" finished-at="2020-04-07T06:51:07 IST">
          <params>
            <param index="0">
              <value>
                <![CDATA[TC006]]>
              </value>
            </param>
            <param index="1">
              <value>
                <![CDATA[TS001]]>
              </value>
            </param>
            <param index="2">
              <value>
                <![CDATA[Fill customer name]]>
              </value>
            </param>
            <param index="3">
              <value>
                <![CDATA[fillText]]>
              </value>
            </param>
            <param index="4">
              <value>
                <![CDATA[xpath]]>
              </value>
            </param>
            <param index="5">
              <value>
                <![CDATA[txtCustomerName]]>
              </value>
            </param>
            <param index="6">
              <value>
                <![CDATA[Prasoona]]>
              </value>
            </param>
          </params>
          <reporter-output>
          </reporter-output>
        </test-method> <!-- canTestExcelData -->
        <test-method status="PASS" signature="canTestExcelData(java.lang.String, java.lang.String, java.lang.String, java.lang.String, java.lang.String, java.lang.String, java.lang.String)[pri:0, instance:com.test.DataDrivenTest@59505b48]" name="canTestExcelData" duration-ms="161" started-at="2020-04-07T06:51:07 IST" data-provider="EXCEL_DATA" finished-at="2020-04-07T06:51:07 IST">
          <params>
            <param index="0">
              <value>
                <![CDATA[TC006]]>
              </value>
            </param>
            <param index="1">
              <value>
                <![CDATA[TS002]]>
              </value>
            </param>
            <param index="2">
              <value>
                <![CDATA[click on Male button]]>
              </value>
            </param>
            <param index="3">
              <value>
                <![CDATA[clickRadio]]>
              </value>
            </param>
            <param index="4">
              <value>
                <![CDATA[xpath]]>
              </value>
            </param>
            <param index="5">
              <value>
                <![CDATA[btnGender]]>
              </value>
            </param>
            <param index="6">
              <value>
                <![CDATA[Female]]>
              </value>
            </param>
          </params>
          <reporter-output>
          </reporter-output>
        </test-method> <!-- canTestExcelData -->
        <test-method status="PASS" signature="canTestExcelData(java.lang.String, java.lang.String, java.lang.String, java.lang.String, java.lang.String, java.lang.String, java.lang.String)[pri:0, instance:com.test.DataDrivenTest@59505b48]" name="canTestExcelData" duration-ms="1167" started-at="2020-04-07T06:51:07 IST" data-provider="EXCEL_DATA" finished-at="2020-04-07T06:51:08 IST">
          <params>
            <param index="0">
              <value>
                <![CDATA[TC007]]>
              </value>
            </param>
            <param index="1">
              <value>
                <![CDATA[TS001]]>
              </value>
            </param>
            <param index="2">
              <value>
                <![CDATA[click on edit customer link]]>
              </value>
            </param>
            <param index="3">
              <value>
                <![CDATA[click]]>
              </value>
            </param>
            <param index="4">
              <value>
                <![CDATA[linkText]]>
              </value>
            </param>
            <param index="5">
              <value>
                <![CDATA[linkEditCustomer]]>
              </value>
            </param>
            <param index="6">
              <value>
                <![CDATA[NA]]>
              </value>
            </param>
          </params>
          <reporter-output>
          </reporter-output>
        </test-method> <!-- canTestExcelData -->
        <test-method status="PASS" signature="canTestExcelData(java.lang.String, java.lang.String, java.lang.String, java.lang.String, java.lang.String, java.lang.String, java.lang.String)[pri:0, instance:com.test.DataDrivenTest@59505b48]" name="canTestExcelData" duration-ms="274" started-at="2020-04-07T06:51:08 IST" data-provider="EXCEL_DATA" finished-at="2020-04-07T06:51:09 IST">
          <params>
            <param index="0">
              <value>
                <![CDATA[TC007]]>
              </value>
            </param>
            <param index="1">
              <value>
                <![CDATA[TS002]]>
              </value>
            </param>
            <param index="2">
              <value>
                <![CDATA[fill customer id]]>
              </value>
            </param>
            <param index="3">
              <value>
                <![CDATA[fillText]]>
              </value>
            </param>
            <param index="4">
              <value>
                <![CDATA[name]]>
              </value>
            </param>
            <param index="5">
              <value>
                <![CDATA[txtCustomerID]]>
              </value>
            </param>
            <param index="6">
              <value>
                <![CDATA[Cust1000]]>
              </value>
            </param>
          </params>
          <reporter-output>
          </reporter-output>
        </test-method> <!-- canTestExcelData -->
        <test-method status="PASS" signature="close()[pri:0, instance:com.test.DataDrivenTest@59505b48]" name="close" is-config="true" duration-ms="862" started-at="2020-04-07T06:51:09 IST" finished-at="2020-04-07T06:51:09 IST">
          <reporter-output>
          </reporter-output>
        </test-method> <!-- close -->
      </class> <!-- com.test.DataDrivenTest -->
    </test> <!-- Test -->
  </suite> <!-- Suite -->
</testng-results>
