<?xml version="1.0" encoding="UTF-8"?>
<testng-results skipped="0" failed="0" ignored="1" total="19" passed="18">
  <reporter-output>
  </reporter-output>
  <suite name="Suite" duration-ms="23953" started-at="2020-04-03T06:58:43 IST" finished-at="2020-04-03T06:59:07 IST">
    <groups>
    </groups>
    <test name="Test" duration-ms="23953" started-at="2020-04-03T06:58:43 IST" finished-at="2020-04-03T06:59:07 IST">
      <class name="com.test.EmailValidatorTest">
        <test-method status="PASS" signature="setUp()[pri:0, instance:com.test.EmailValidatorTest@47e2e487]" name="setUp" is-config="true" duration-ms="1" started-at="2020-04-03T06:58:46 IST" finished-at="2020-04-03T06:58:46 IST">
          <reporter-output>
          </reporter-output>
        </test-method> <!-- setUp -->
        <test-method status="PASS" signature="canTestEmailIDWhenInputIsBlank()[pri:0, instance:com.test.EmailValidatorTest@47e2e487]" name="canTestEmailIDWhenInputIsBlank" duration-ms="0" started-at="2020-04-03T06:58:46 IST" finished-at="2020-04-03T06:58:46 IST">
          <reporter-output>
          </reporter-output>
        </test-method> <!-- canTestEmailIDWhenInputIsBlank -->
        <test-method status="PASS" signature="canTestEmailIDWhenInputIsNull()[pri:0, instance:com.test.EmailValidatorTest@47e2e487]" name="canTestEmailIDWhenInputIsNull" duration-ms="0" started-at="2020-04-03T06:58:46 IST" depends-on-methods="com.test.EmailValidatorTest.canTestEmailIDWhenInputIsBlank" finished-at="2020-04-03T06:58:46 IST">
          <reporter-output>
          </reporter-output>
        </test-method> <!-- canTestEmailIDWhenInputIsNull -->
        <test-method status="PASS" signature="canTestEmailIDWhenInputIsWithoutAtTheRate()[pri:0, instance:com.test.EmailValidatorTest@47e2e487]" name="canTestEmailIDWhenInputIsWithoutAtTheRate" duration-ms="0" started-at="2020-04-03T06:58:46 IST" depends-on-methods="com.test.EmailValidatorTest.canTestEmailIDWhenInputIsNull" finished-at="2020-04-03T06:58:46 IST">
          <reporter-output>
          </reporter-output>
        </test-method> <!-- canTestEmailIDWhenInputIsWithoutAtTheRate -->
        <test-method status="PASS" signature="canTestEmailIDWhenInputValid()[pri:0, instance:com.test.EmailValidatorTest@47e2e487]" name="canTestEmailIDWhenInputValid" duration-ms="0" started-at="2020-04-03T06:58:46 IST" depends-on-methods="com.test.EmailValidatorTest.canTestEmailIDWhenInputIsWithoutAtTheRate" finished-at="2020-04-03T06:58:46 IST">
          <reporter-output>
          </reporter-output>
        </test-method> <!-- canTestEmailIDWhenInputValid -->
      </class> <!-- com.test.EmailValidatorTest -->
      <class name="com.test.GoogleTest">
        <test-method status="PASS" signature="setUp()[pri:0, instance:com.test.GoogleTest@51e69659]" name="setUp" is-config="true" duration-ms="5618" started-at="2020-04-03T06:58:38 IST" finished-at="2020-04-03T06:58:43 IST">
          <reporter-output>
          </reporter-output>
        </test-method> <!-- setUp -->
        <test-method status="PASS" signature="canOpenGoogleURL()[pri:0, instance:com.test.GoogleTest@51e69659]" name="canOpenGoogleURL" duration-ms="18" started-at="2020-04-03T06:58:43 IST" finished-at="2020-04-03T06:58:43 IST">
          <reporter-output>
          </reporter-output>
        </test-method> <!-- canOpenGoogleURL -->
        <test-method status="PASS" signature="canSearchSeleniumHQ()[pri:0, instance:com.test.GoogleTest@51e69659]" name="canSearchSeleniumHQ" duration-ms="2337" started-at="2020-04-03T06:58:43 IST" finished-at="2020-04-03T06:58:46 IST">
          <reporter-output>
          </reporter-output>
        </test-method> <!-- canSearchSeleniumHQ -->
        <test-method status="PASS" signature="closeBrowser()[pri:0, instance:com.test.GoogleTest@51e69659]" name="closeBrowser" is-config="true" duration-ms="801" started-at="2020-04-03T06:59:07 IST" finished-at="2020-04-03T06:59:08 IST">
          <reporter-output>
          </reporter-output>
        </test-method> <!-- closeBrowser -->
      </class> <!-- com.test.GoogleTest -->
      <class name="com.test.DataDrivenTest">
        <test-method status="PASS" signature="canTestExcelData(java.lang.String, java.lang.String, java.lang.String, java.lang.String, java.lang.String, java.lang.String, java.lang.String)[pri:0, instance:com.test.DataDrivenTest@201a4587]" name="canTestExcelData" duration-ms="1" started-at="2020-04-03T06:58:47 IST" data-provider="EXCEL_DATA" finished-at="2020-04-03T06:58:47 IST">
          <params>
            <param index="0">
              <value>
                <![CDATA[TestCase_ID]]>
              </value>
            </param>
            <param index="1">
              <value>
                <![CDATA[TestStep_ID]]>
              </value>
            </param>
            <param index="2">
              <value>
                <![CDATA[Description]]>
              </value>
            </param>
            <param index="3">
              <value>
                <![CDATA[Action]]>
              </value>
            </param>
            <param index="4">
              <value>
                <![CDATA[Locators]]>
              </value>
            </param>
            <param index="5">
              <value>
                <![CDATA[Locator_Value]]>
              </value>
            </param>
            <param index="6">
              <value>
                <![CDATA[Param1]]>
              </value>
            </param>
          </params>
          <reporter-output>
          </reporter-output>
        </test-method> <!-- canTestExcelData -->
        <test-method status="PASS" signature="canTestExcelData(java.lang.String, java.lang.String, java.lang.String, java.lang.String, java.lang.String, java.lang.String, java.lang.String)[pri:0, instance:com.test.DataDrivenTest@201a4587]" name="canTestExcelData" duration-ms="13984" started-at="2020-04-03T06:58:47 IST" data-provider="EXCEL_DATA" finished-at="2020-04-03T06:59:01 IST">
          <params>
            <param index="0">
              <value>
                <![CDATA[TC001]]>
              </value>
            </param>
            <param index="1">
              <value>
                <![CDATA[TS001]]>
              </value>
            </param>
            <param index="2">
              <value>
                <![CDATA[Launch guru99 website]]>
              </value>
            </param>
            <param index="3">
              <value>
                <![CDATA[launchAppl]]>
              </value>
            </param>
            <param index="4">
              <value>
                <![CDATA[NA]]>
              </value>
            </param>
            <param index="5">
              <value>
                <![CDATA[NA]]>
              </value>
            </param>
            <param index="6">
              <value>
                <![CDATA[NA]]>
              </value>
            </param>
          </params>
          <reporter-output>
          </reporter-output>
        </test-method> <!-- canTestExcelData -->
        <test-method status="PASS" signature="canTestExcelData(java.lang.String, java.lang.String, java.lang.String, java.lang.String, java.lang.String, java.lang.String, java.lang.String)[pri:0, instance:com.test.DataDrivenTest@201a4587]" name="canTestExcelData" duration-ms="255" started-at="2020-04-03T06:59:01 IST" data-provider="EXCEL_DATA" finished-at="2020-04-03T06:59:01 IST">
          <params>
            <param index="0">
              <value>
                <![CDATA[TC002]]>
              </value>
            </param>
            <param index="1">
              <value>
                <![CDATA[TS001]]>
              </value>
            </param>
            <param index="2">
              <value>
                <![CDATA[Fill user id]]>
              </value>
            </param>
            <param index="3">
              <value>
                <![CDATA[fillText]]>
              </value>
            </param>
            <param index="4">
              <value>
                <![CDATA[xpath]]>
              </value>
            </param>
            <param index="5">
              <value>
                <![CDATA[txtUserID]]>
              </value>
            </param>
            <param index="6">
              <value>
                <![CDATA[mgr123]]>
              </value>
            </param>
          </params>
          <reporter-output>
          </reporter-output>
        </test-method> <!-- canTestExcelData -->
        <test-method status="PASS" signature="canTestExcelData(java.lang.String, java.lang.String, java.lang.String, java.lang.String, java.lang.String, java.lang.String, java.lang.String)[pri:0, instance:com.test.DataDrivenTest@201a4587]" name="canTestExcelData" duration-ms="248" started-at="2020-04-03T06:59:01 IST" data-provider="EXCEL_DATA" finished-at="2020-04-03T06:59:02 IST">
          <params>
            <param index="0">
              <value>
                <![CDATA[TC002]]>
              </value>
            </param>
            <param index="1">
              <value>
                <![CDATA[TS002]]>
              </value>
            </param>
            <param index="2">
              <value>
                <![CDATA[Fill password]]>
              </value>
            </param>
            <param index="3">
              <value>
                <![CDATA[fillText]]>
              </value>
            </param>
            <param index="4">
              <value>
                <![CDATA[xpath]]>
              </value>
            </param>
            <param index="5">
              <value>
                <![CDATA[txtPassword]]>
              </value>
            </param>
            <param index="6">
              <value>
                <![CDATA[mgr!23]]>
              </value>
            </param>
          </params>
          <reporter-output>
          </reporter-output>
        </test-method> <!-- canTestExcelData -->
        <test-method status="PASS" signature="canTestExcelData(java.lang.String, java.lang.String, java.lang.String, java.lang.String, java.lang.String, java.lang.String, java.lang.String)[pri:0, instance:com.test.DataDrivenTest@201a4587]" name="canTestExcelData" duration-ms="1550" started-at="2020-04-03T06:59:02 IST" data-provider="EXCEL_DATA" finished-at="2020-04-03T06:59:03 IST">
          <params>
            <param index="0">
              <value>
                <![CDATA[TC002]]>
              </value>
            </param>
            <param index="1">
              <value>
                <![CDATA[TS003]]>
              </value>
            </param>
            <param index="2">
              <value>
                <![CDATA[click on login button]]>
              </value>
            </param>
            <param index="3">
              <value>
                <![CDATA[click]]>
              </value>
            </param>
            <param index="4">
              <value>
                <![CDATA[xpath]]>
              </value>
            </param>
            <param index="5">
              <value>
                <![CDATA[btnLoginButton]]>
              </value>
            </param>
            <param index="6">
              <value>
                <![CDATA[NA]]>
              </value>
            </param>
          </params>
          <reporter-output>
          </reporter-output>
        </test-method> <!-- canTestExcelData -->
        <test-method status="PASS" signature="canTestExcelData(java.lang.String, java.lang.String, java.lang.String, java.lang.String, java.lang.String, java.lang.String, java.lang.String)[pri:0, instance:com.test.DataDrivenTest@201a4587]" name="canTestExcelData" duration-ms="930" started-at="2020-04-03T06:59:03 IST" data-provider="EXCEL_DATA" finished-at="2020-04-03T06:59:04 IST">
          <params>
            <param index="0">
              <value>
                <![CDATA[TC003]]>
              </value>
            </param>
            <param index="1">
              <value>
                <![CDATA[TS001]]>
              </value>
            </param>
            <param index="2">
              <value>
                <![CDATA[click on new customer link]]>
              </value>
            </param>
            <param index="3">
              <value>
                <![CDATA[click]]>
              </value>
            </param>
            <param index="4">
              <value>
                <![CDATA[linkText]]>
              </value>
            </param>
            <param index="5">
              <value>
                <![CDATA[linkNewCustomer]]>
              </value>
            </param>
            <param index="6">
              <value>
                <![CDATA[NA]]>
              </value>
            </param>
          </params>
          <reporter-output>
          </reporter-output>
        </test-method> <!-- canTestExcelData -->
        <test-method status="PASS" signature="canTestExcelData(java.lang.String, java.lang.String, java.lang.String, java.lang.String, java.lang.String, java.lang.String, java.lang.String)[pri:0, instance:com.test.DataDrivenTest@201a4587]" name="canTestExcelData" duration-ms="869" started-at="2020-04-03T06:59:04 IST" data-provider="EXCEL_DATA" finished-at="2020-04-03T06:59:05 IST">
          <params>
            <param index="0">
              <value>
                <![CDATA[TC004]]>
              </value>
            </param>
            <param index="1">
              <value>
                <![CDATA[TS001]]>
              </value>
            </param>
            <param index="2">
              <value>
                <![CDATA[click on new account link]]>
              </value>
            </param>
            <param index="3">
              <value>
                <![CDATA[click]]>
              </value>
            </param>
            <param index="4">
              <value>
                <![CDATA[xpath]]>
              </value>
            </param>
            <param index="5">
              <value>
                <![CDATA[linkNewAccount]]>
              </value>
            </param>
            <param index="6">
              <value>
                <![CDATA[NA]]>
              </value>
            </param>
          </params>
          <reporter-output>
          </reporter-output>
        </test-method> <!-- canTestExcelData -->
        <test-method status="PASS" signature="canTestExcelData(java.lang.String, java.lang.String, java.lang.String, java.lang.String, java.lang.String, java.lang.String, java.lang.String)[pri:0, instance:com.test.DataDrivenTest@201a4587]" name="canTestExcelData" duration-ms="595" started-at="2020-04-03T06:59:05 IST" data-provider="EXCEL_DATA" finished-at="2020-04-03T06:59:06 IST">
          <params>
            <param index="0">
              <value>
                <![CDATA[TC005]]>
              </value>
            </param>
            <param index="1">
              <value>
                <![CDATA[TS001]]>
              </value>
            </param>
            <param index="2">
              <value>
                <![CDATA[click on new customer link]]>
              </value>
            </param>
            <param index="3">
              <value>
                <![CDATA[click]]>
              </value>
            </param>
            <param index="4">
              <value>
                <![CDATA[linkText]]>
              </value>
            </param>
            <param index="5">
              <value>
                <![CDATA[linkNewCustomer]]>
              </value>
            </param>
            <param index="6">
              <value>
                <![CDATA[NA]]>
              </value>
            </param>
          </params>
          <reporter-output>
          </reporter-output>
        </test-method> <!-- canTestExcelData -->
        <test-method status="PASS" signature="canTestExcelData(java.lang.String, java.lang.String, java.lang.String, java.lang.String, java.lang.String, java.lang.String, java.lang.String)[pri:0, instance:com.test.DataDrivenTest@201a4587]" name="canTestExcelData" duration-ms="162" started-at="2020-04-03T06:59:06 IST" data-provider="EXCEL_DATA" finished-at="2020-04-03T06:59:06 IST">
          <params>
            <param index="0">
              <value>
                <![CDATA[TC006]]>
              </value>
            </param>
            <param index="1">
              <value>
                <![CDATA[TS001]]>
              </value>
            </param>
            <param index="2">
              <value>
                <![CDATA[Fill customer name]]>
              </value>
            </param>
            <param index="3">
              <value>
                <![CDATA[fillText]]>
              </value>
            </param>
            <param index="4">
              <value>
                <![CDATA[xpath]]>
              </value>
            </param>
            <param index="5">
              <value>
                <![CDATA[txtCustomerName]]>
              </value>
            </param>
            <param index="6">
              <value>
                <![CDATA[Prasoona]]>
              </value>
            </param>
          </params>
          <reporter-output>
          </reporter-output>
        </test-method> <!-- canTestExcelData -->
        <test-method status="PASS" signature="canTestExcelData(java.lang.String, java.lang.String, java.lang.String, java.lang.String, java.lang.String, java.lang.String, java.lang.String)[pri:0, instance:com.test.DataDrivenTest@201a4587]" name="canTestExcelData" duration-ms="138" started-at="2020-04-03T06:59:06 IST" data-provider="EXCEL_DATA" finished-at="2020-04-03T06:59:06 IST">
          <params>
            <param index="0">
              <value>
                <![CDATA[TC006]]>
              </value>
            </param>
            <param index="1">
              <value>
                <![CDATA[TS002]]>
              </value>
            </param>
            <param index="2">
              <value>
                <![CDATA[click on Male button]]>
              </value>
            </param>
            <param index="3">
              <value>
                <![CDATA[clickRadio]]>
              </value>
            </param>
            <param index="4">
              <value>
                <![CDATA[xpath]]>
              </value>
            </param>
            <param index="5">
              <value>
                <![CDATA[btnGender]]>
              </value>
            </param>
            <param index="6">
              <value>
                <![CDATA[Female]]>
              </value>
            </param>
          </params>
          <reporter-output>
          </reporter-output>
        </test-method> <!-- canTestExcelData -->
        <test-method status="PASS" signature="canTestExcelData(java.lang.String, java.lang.String, java.lang.String, java.lang.String, java.lang.String, java.lang.String, java.lang.String)[pri:0, instance:com.test.DataDrivenTest@201a4587]" name="canTestExcelData" duration-ms="1119" started-at="2020-04-03T06:59:06 IST" data-provider="EXCEL_DATA" finished-at="2020-04-03T06:59:07 IST">
          <params>
            <param index="0">
              <value>
                <![CDATA[TC007]]>
              </value>
            </param>
            <param index="1">
              <value>
                <![CDATA[TS001]]>
              </value>
            </param>
            <param index="2">
              <value>
                <![CDATA[click on edit customer link]]>
              </value>
            </param>
            <param index="3">
              <value>
                <![CDATA[click]]>
              </value>
            </param>
            <param index="4">
              <value>
                <![CDATA[linkText]]>
              </value>
            </param>
            <param index="5">
              <value>
                <![CDATA[linkEditCustomer]]>
              </value>
            </param>
            <param index="6">
              <value>
                <![CDATA[NA]]>
              </value>
            </param>
          </params>
          <reporter-output>
          </reporter-output>
        </test-method> <!-- canTestExcelData -->
        <test-method status="PASS" signature="canTestExcelData(java.lang.String, java.lang.String, java.lang.String, java.lang.String, java.lang.String, java.lang.String, java.lang.String)[pri:0, instance:com.test.DataDrivenTest@201a4587]" name="canTestExcelData" duration-ms="145" started-at="2020-04-03T06:59:07 IST" data-provider="EXCEL_DATA" finished-at="2020-04-03T06:59:07 IST">
          <params>
            <param index="0">
              <value>
                <![CDATA[TC007]]>
              </value>
            </param>
            <param index="1">
              <value>
                <![CDATA[TS002]]>
              </value>
            </param>
            <param index="2">
              <value>
                <![CDATA[fill customer id]]>
              </value>
            </param>
            <param index="3">
              <value>
                <![CDATA[fillText]]>
              </value>
            </param>
            <param index="4">
              <value>
                <![CDATA[name]]>
              </value>
            </param>
            <param index="5">
              <value>
                <![CDATA[txtCustomerID]]>
              </value>
            </param>
            <param index="6">
              <value>
                <![CDATA[Cust1000]]>
              </value>
            </param>
          </params>
          <reporter-output>
          </reporter-output>
        </test-method> <!-- canTestExcelData -->
      </class> <!-- com.test.DataDrivenTest -->
    </test> <!-- Test -->
  </suite> <!-- Suite -->
</testng-results>
