<?xml version="1.0" encoding="UTF-8"?>
<testng-results skipped="0" failed="0" ignored="0" total="10" passed="10">
  <reporter-output>
  </reporter-output>
  <suite name="Default suite" duration-ms="20076" started-at="2020-04-03T06:20:32 IST" finished-at="2020-04-03T06:20:52 IST">
    <groups>
    </groups>
    <test name="Default test" duration-ms="20076" started-at="2020-04-03T06:20:32 IST" finished-at="2020-04-03T06:20:52 IST">
      <class name="com.test.DataDrivenTest">
        <test-method status="PASS" signature="canTestExcelData(java.lang.String, java.lang.String, java.lang.String, java.lang.String, java.lang.String, java.lang.String, java.lang.String)[pri:0, instance:com.test.DataDrivenTest@26aa12dd]" name="canTestExcelData" duration-ms="9" started-at="2020-04-03T06:20:33 IST" data-provider="EXCEL_DATA" finished-at="2020-04-03T06:20:33 IST">
          <params>
            <param index="0">
              <value>
                <![CDATA[TestCase_ID]]>
              </value>
            </param>
            <param index="1">
              <value>
                <![CDATA[TestStep_ID]]>
              </value>
            </param>
            <param index="2">
              <value>
                <![CDATA[Description]]>
              </value>
            </param>
            <param index="3">
              <value>
                <![CDATA[Action]]>
              </value>
            </param>
            <param index="4">
              <value>
                <![CDATA[Locators]]>
              </value>
            </param>
            <param index="5">
              <value>
                <![CDATA[Locator_Value]]>
              </value>
            </param>
            <param index="6">
              <value>
                <![CDATA[Param1]]>
              </value>
            </param>
          </params>
          <reporter-output>
          </reporter-output>
        </test-method> <!-- canTestExcelData -->
        <test-method status="PASS" signature="canTestExcelData(java.lang.String, java.lang.String, java.lang.String, java.lang.String, java.lang.String, java.lang.String, java.lang.String)[pri:0, instance:com.test.DataDrivenTest@26aa12dd]" name="canTestExcelData" duration-ms="14477" started-at="2020-04-03T06:20:33 IST" data-provider="EXCEL_DATA" finished-at="2020-04-03T06:20:48 IST">
          <params>
            <param index="0">
              <value>
                <![CDATA[TC001]]>
              </value>
            </param>
            <param index="1">
              <value>
                <![CDATA[TS001]]>
              </value>
            </param>
            <param index="2">
              <value>
                <![CDATA[Launch guru99 website]]>
              </value>
            </param>
            <param index="3">
              <value>
                <![CDATA[launchAppl]]>
              </value>
            </param>
            <param index="4">
              <value>
                <![CDATA[NA]]>
              </value>
            </param>
            <param index="5">
              <value>
                <![CDATA[NA]]>
              </value>
            </param>
            <param index="6">
              <value>
                <![CDATA[NA]]>
              </value>
            </param>
          </params>
          <reporter-output>
          </reporter-output>
        </test-method> <!-- canTestExcelData -->
        <test-method status="PASS" signature="canTestExcelData(java.lang.String, java.lang.String, java.lang.String, java.lang.String, java.lang.String, java.lang.String, java.lang.String)[pri:0, instance:com.test.DataDrivenTest@26aa12dd]" name="canTestExcelData" duration-ms="181" started-at="2020-04-03T06:20:48 IST" data-provider="EXCEL_DATA" finished-at="2020-04-03T06:20:48 IST">
          <params>
            <param index="0">
              <value>
                <![CDATA[TC002]]>
              </value>
            </param>
            <param index="1">
              <value>
                <![CDATA[TS001]]>
              </value>
            </param>
            <param index="2">
              <value>
                <![CDATA[Fill user id]]>
              </value>
            </param>
            <param index="3">
              <value>
                <![CDATA[fillText]]>
              </value>
            </param>
            <param index="4">
              <value>
                <![CDATA[xpath]]>
              </value>
            </param>
            <param index="5">
              <value>
                <![CDATA[txtUserID]]>
              </value>
            </param>
            <param index="6">
              <value>
                <![CDATA[mgr123]]>
              </value>
            </param>
          </params>
          <reporter-output>
          </reporter-output>
        </test-method> <!-- canTestExcelData -->
        <test-method status="PASS" signature="canTestExcelData(java.lang.String, java.lang.String, java.lang.String, java.lang.String, java.lang.String, java.lang.String, java.lang.String)[pri:0, instance:com.test.DataDrivenTest@26aa12dd]" name="canTestExcelData" duration-ms="230" started-at="2020-04-03T06:20:48 IST" data-provider="EXCEL_DATA" finished-at="2020-04-03T06:20:48 IST">
          <params>
            <param index="0">
              <value>
                <![CDATA[TC002]]>
              </value>
            </param>
            <param index="1">
              <value>
                <![CDATA[TS002]]>
              </value>
            </param>
            <param index="2">
              <value>
                <![CDATA[Fill password]]>
              </value>
            </param>
            <param index="3">
              <value>
                <![CDATA[fillText]]>
              </value>
            </param>
            <param index="4">
              <value>
                <![CDATA[xpath]]>
              </value>
            </param>
            <param index="5">
              <value>
                <![CDATA[txtPassword]]>
              </value>
            </param>
            <param index="6">
              <value>
                <![CDATA[mgr!23]]>
              </value>
            </param>
          </params>
          <reporter-output>
          </reporter-output>
        </test-method> <!-- canTestExcelData -->
        <test-method status="PASS" signature="canTestExcelData(java.lang.String, java.lang.String, java.lang.String, java.lang.String, java.lang.String, java.lang.String, java.lang.String)[pri:0, instance:com.test.DataDrivenTest@26aa12dd]" name="canTestExcelData" duration-ms="1609" started-at="2020-04-03T06:20:48 IST" data-provider="EXCEL_DATA" finished-at="2020-04-03T06:20:50 IST">
          <params>
            <param index="0">
              <value>
                <![CDATA[TC002]]>
              </value>
            </param>
            <param index="1">
              <value>
                <![CDATA[TS003]]>
              </value>
            </param>
            <param index="2">
              <value>
                <![CDATA[click on login button]]>
              </value>
            </param>
            <param index="3">
              <value>
                <![CDATA[click]]>
              </value>
            </param>
            <param index="4">
              <value>
                <![CDATA[xpath]]>
              </value>
            </param>
            <param index="5">
              <value>
                <![CDATA[btnLoginButton]]>
              </value>
            </param>
            <param index="6">
              <value>
                <![CDATA[NA]]>
              </value>
            </param>
          </params>
          <reporter-output>
          </reporter-output>
        </test-method> <!-- canTestExcelData -->
        <test-method status="PASS" signature="canTestExcelData(java.lang.String, java.lang.String, java.lang.String, java.lang.String, java.lang.String, java.lang.String, java.lang.String)[pri:0, instance:com.test.DataDrivenTest@26aa12dd]" name="canTestExcelData" duration-ms="844" started-at="2020-04-03T06:20:50 IST" data-provider="EXCEL_DATA" finished-at="2020-04-03T06:20:51 IST">
          <params>
            <param index="0">
              <value>
                <![CDATA[TC003]]>
              </value>
            </param>
            <param index="1">
              <value>
                <![CDATA[TS001]]>
              </value>
            </param>
            <param index="2">
              <value>
                <![CDATA[click on new customer link]]>
              </value>
            </param>
            <param index="3">
              <value>
                <![CDATA[click]]>
              </value>
            </param>
            <param index="4">
              <value>
                <![CDATA[linkText]]>
              </value>
            </param>
            <param index="5">
              <value>
                <![CDATA[linkNewCustomer]]>
              </value>
            </param>
            <param index="6">
              <value>
                <![CDATA[NA]]>
              </value>
            </param>
          </params>
          <reporter-output>
          </reporter-output>
        </test-method> <!-- canTestExcelData -->
        <test-method status="PASS" signature="canTestExcelData(java.lang.String, java.lang.String, java.lang.String, java.lang.String, java.lang.String, java.lang.String, java.lang.String)[pri:0, instance:com.test.DataDrivenTest@26aa12dd]" name="canTestExcelData" duration-ms="820" started-at="2020-04-03T06:20:51 IST" data-provider="EXCEL_DATA" finished-at="2020-04-03T06:20:51 IST">
          <params>
            <param index="0">
              <value>
                <![CDATA[TC004]]>
              </value>
            </param>
            <param index="1">
              <value>
                <![CDATA[TS001]]>
              </value>
            </param>
            <param index="2">
              <value>
                <![CDATA[click on new account link]]>
              </value>
            </param>
            <param index="3">
              <value>
                <![CDATA[click]]>
              </value>
            </param>
            <param index="4">
              <value>
                <![CDATA[xpath]]>
              </value>
            </param>
            <param index="5">
              <value>
                <![CDATA[linkNewAccount]]>
              </value>
            </param>
            <param index="6">
              <value>
                <![CDATA[NA]]>
              </value>
            </param>
          </params>
          <reporter-output>
          </reporter-output>
        </test-method> <!-- canTestExcelData -->
        <test-method status="PASS" signature="canTestExcelData(java.lang.String, java.lang.String, java.lang.String, java.lang.String, java.lang.String, java.lang.String, java.lang.String)[pri:0, instance:com.test.DataDrivenTest@26aa12dd]" name="canTestExcelData" duration-ms="510" started-at="2020-04-03T06:20:51 IST" data-provider="EXCEL_DATA" finished-at="2020-04-03T06:20:52 IST">
          <params>
            <param index="0">
              <value>
                <![CDATA[TC005]]>
              </value>
            </param>
            <param index="1">
              <value>
                <![CDATA[TS001]]>
              </value>
            </param>
            <param index="2">
              <value>
                <![CDATA[click on new customer link]]>
              </value>
            </param>
            <param index="3">
              <value>
                <![CDATA[click]]>
              </value>
            </param>
            <param index="4">
              <value>
                <![CDATA[linkText]]>
              </value>
            </param>
            <param index="5">
              <value>
                <![CDATA[linkNewCustomer]]>
              </value>
            </param>
            <param index="6">
              <value>
                <![CDATA[NA]]>
              </value>
            </param>
          </params>
          <reporter-output>
          </reporter-output>
        </test-method> <!-- canTestExcelData -->
        <test-method status="PASS" signature="canTestExcelData(java.lang.String, java.lang.String, java.lang.String, java.lang.String, java.lang.String, java.lang.String, java.lang.String)[pri:0, instance:com.test.DataDrivenTest@26aa12dd]" name="canTestExcelData" duration-ms="172" started-at="2020-04-03T06:20:52 IST" data-provider="EXCEL_DATA" finished-at="2020-04-03T06:20:52 IST">
          <params>
            <param index="0">
              <value>
                <![CDATA[TC006]]>
              </value>
            </param>
            <param index="1">
              <value>
                <![CDATA[TS001]]>
              </value>
            </param>
            <param index="2">
              <value>
                <![CDATA[Fill customer name]]>
              </value>
            </param>
            <param index="3">
              <value>
                <![CDATA[fillText]]>
              </value>
            </param>
            <param index="4">
              <value>
                <![CDATA[xpath]]>
              </value>
            </param>
            <param index="5">
              <value>
                <![CDATA[txtCustomerName]]>
              </value>
            </param>
            <param index="6">
              <value>
                <![CDATA[Prasoona]]>
              </value>
            </param>
          </params>
          <reporter-output>
          </reporter-output>
        </test-method> <!-- canTestExcelData -->
        <test-method status="PASS" signature="canTestExcelData(java.lang.String, java.lang.String, java.lang.String, java.lang.String, java.lang.String, java.lang.String, java.lang.String)[pri:0, instance:com.test.DataDrivenTest@26aa12dd]" name="canTestExcelData" duration-ms="139" started-at="2020-04-03T06:20:52 IST" data-provider="EXCEL_DATA" finished-at="2020-04-03T06:20:52 IST">
          <params>
            <param index="0">
              <value>
                <![CDATA[TC006]]>
              </value>
            </param>
            <param index="1">
              <value>
                <![CDATA[TS002]]>
              </value>
            </param>
            <param index="2">
              <value>
                <![CDATA[click on Male button]]>
              </value>
            </param>
            <param index="3">
              <value>
                <![CDATA[clickRadio]]>
              </value>
            </param>
            <param index="4">
              <value>
                <![CDATA[xpath]]>
              </value>
            </param>
            <param index="5">
              <value>
                <![CDATA[btnGender]]>
              </value>
            </param>
            <param index="6">
              <value>
                <![CDATA[Female]]>
              </value>
            </param>
          </params>
          <reporter-output>
          </reporter-output>
        </test-method> <!-- canTestExcelData -->
      </class> <!-- com.test.DataDrivenTest -->
    </test> <!-- Default test -->
  </suite> <!-- Default suite -->
</testng-results>
